\BOOKMARK [1][-]{section.1}{\376\377\000P\000o\000i\000n\000t\000\040\000C\000l\000o\000u\000d\000\040\000\050\000P\000C\000\051\000\040\000G\000e\000o\000m\000o\000r\000p\000h\000o\000l\000o\000g\000i\000c\000\040\000r\000o\000u\000g\000h\000n\000e\000s\000s\000\040\000a\000n\000a\000l\000y\000s\000i\000s}{}% 1
\BOOKMARK [1][-]{section.2}{\376\377\000I\000n\000s\000t\000a\000l\000l\000a\000t\000i\000o\000n}{}% 2
\BOOKMARK [2][-]{subsection.2.1}{\376\377\000I\000n\000s\000t\000a\000l\000l\000a\000t\000i\000o\000n\000\040\000o\000n\000\040\000W\000i\000n\000d\000o\000w\000s\000\040\0001\0000}{section.2}% 3
\BOOKMARK [2][-]{subsection.2.2}{\376\377\000I\000n\000s\000t\000a\000l\000l\000a\000t\000i\000o\000n\000\040\000o\000n\000\040\000L\000i\000n\000u\000x}{section.2}% 4
\BOOKMARK [2][-]{subsection.2.3}{\376\377\000I\000n\000s\000t\000a\000l\000l\000a\000t\000i\000o\000n\000\040\000o\000f\000\040\000P\000C\000\137\000g\000e\000o\000m\000o\000r\000p\000h\000\137\000r\000o\000u\000g\000h\000n\000e\000s\000s}{section.2}% 5
\BOOKMARK [2][-]{subsection.2.4}{\376\377\000I\000n\000s\000t\000a\000l\000l\000\040\000L\000A\000S\000t\000o\000o\000l\000s}{section.2}% 6
\BOOKMARK [2][-]{subsection.2.5}{\376\377\000I\000n\000s\000t\000a\000l\000l\000\040\000l\000i\000d\000a\000r\0002\000d\000e\000m}{section.2}% 7
\BOOKMARK [2][-]{subsection.2.6}{\376\377\000I\000n\000s\000t\000a\000l\000l\000\040\000p\000o\000i\000n\000t\000s\0002\000g\000r\000i\000d}{section.2}% 8
\BOOKMARK [1][-]{section.3}{\376\377\000P\000o\000i\000n\000t\000\040\000C\000l\000o\000u\000d\000\040\000\050\000P\000C\000\051\000\040\000C\000l\000a\000s\000s\000i\000f\000i\000c\000a\000t\000i\000o\000n}{}% 9
\BOOKMARK [2][-]{subsection.3.1}{\376\377\000C\000l\000a\000s\000s\000i\000f\000i\000c\000a\000t\000i\000o\000n\000\040\000w\000i\000t\000h\000\040\000L\000A\000S\000t\000o\000o\000l\000s}{section.3}% 10
\BOOKMARK [3][-]{subsubsection.3.1.1}{\376\377\000C\000l\000i\000p\000p\000i\000n\000g\000\040\000a\000\040\000P\000C}{subsection.3.1}% 11
\BOOKMARK [3][-]{subsubsection.3.1.2}{\376\377\000O\000p\000t\000i\000o\000n\000a\000l\000\040\000P\000C\000\040\000p\000r\000e\000-\000p\000r\000o\000c\000e\000s\000s\000i\000n\000g}{subsection.3.1}% 12
\BOOKMARK [3][-]{subsubsection.3.1.3}{\376\377\000P\000C\000\040\000g\000r\000o\000u\000n\000d\000\040\000c\000l\000a\000s\000s\000i\000f\000i\000c\000a\000t\000i\000o\000n}{subsection.3.1}% 13
\BOOKMARK [3][-]{subsubsection.3.1.4}{\376\377\000P\000C\000\040\000v\000e\000g\000e\000t\000a\000t\000i\000o\000n\000\040\000c\000l\000a\000s\000s\000i\000f\000i\000c\000a\000t\000i\000o\000n}{subsection.3.1}% 14
\BOOKMARK [3][-]{subsubsection.3.1.5}{\376\377\000D\000T\000M\000\040\000f\000r\000o\000m\000\040\000g\000r\000o\000u\000n\000d\000-\000c\000l\000a\000s\000s\000i\000f\000i\000e\000d\000\040\000P\000C\000s}{subsection.3.1}% 15
\BOOKMARK [3][-]{subsubsection.3.1.6}{\376\377\000C\000o\000m\000p\000a\000r\000i\000s\000o\000n\000\040\000o\000f\000\040\000g\000r\000o\000u\000n\000d\000-\000c\000l\000a\000s\000s\000i\000f\000i\000e\000d\000\040\000P\000C\000s}{subsection.3.1}% 16
\BOOKMARK [2][-]{subsection.3.2}{\376\377\000P\000r\000o\000c\000e\000s\000s\000i\000n\000g\000\040\000w\000i\000t\000h\000\040\000P\000D\000A\000L}{section.3}% 17
\BOOKMARK [3][-]{subsubsection.3.2.1}{\376\377\000G\000r\000o\000u\000n\000d\000\040\000c\000l\000a\000s\000s\000i\000f\000i\000c\000a\000t\000i\000o\000n\000\040\000w\000i\000t\000h\000\040\000P\000D\000A\000L\000'\000s\000\040\000i\000m\000p\000l\000e\000m\000e\000n\000t\000a\000t\000i\000o\000n\000\040\000o\000f\000\040\000S\000M\000R\000F}{subsection.3.2}% 18
\BOOKMARK [3][-]{subsubsection.3.2.2}{\376\377\000G\000r\000o\000u\000n\000d\000\040\000c\000l\000a\000s\000s\000i\000f\000i\000c\000a\000t\000i\000o\000n\000\040\000w\000i\000t\000h\000\040\000P\000D\000A\000L\000'\000s\000\040\000i\000m\000p\000l\000e\000m\000e\000n\000t\000a\000t\000i\000o\000n\000\040\000o\000f\000\040\000P\000M\000F}{subsection.3.2}% 19
\BOOKMARK [3][-]{subsubsection.3.2.3}{\376\377\000G\000e\000n\000e\000r\000a\000t\0